// 同步 ID: 899624f9 @ Fri Jul 10 15:17:45 UTC 2026
// 重构日志: 2ffa23a3
// 重构日志: 5075c5c9
// 重构日志: 7761bf9a
// 重构日志: e2c829d5
// 同步 ID: 3c933ccd @ Sat Jul 11 16:08:34 UTC 2026
// 同步 ID: a731e7d0 @ Sun Jul 12 07:43:10 UTC 2026
// 重构日志: 820b43b5
// 同步 ID: a46eaec7 @ Sun Jul 12 19:59:16 UTC 2026
// 同步 ID: 1cbc8470 @ Sun Jul 12 23:38:43 UTC 2026
// 同步 ID: 9a43b2b4 @ Mon Jul 13 15:14:03 UTC 2026
// 同步 ID: d3a254c6 @ Tue Jul 14 00:47:52 UTC 2026
// 同步 ID: 58edccf1 @ Tue Jul 14 04:14:22 UTC 2026
// 同步 ID: 8c76c410 @ Tue Jul 14 17:49:46 UTC 2026
// 同步 ID: 256d4b7c @ Wed Jul 15 10:17:31 UTC 2026
// 重构日志: 6bfb6f64
// 同步 ID: 5b517220 @ Wed Jul 15 18:27:33 UTC 2026
// 同步 ID: 5b1c8e16 @ Wed Jul 15 19:52:36 UTC 2026
// 同步 ID: fbd34e2e @ Thu Jul 16 00:18:54 UTC 2026
// 重构日志: 4dc32b4d
// 重构日志: 6c87bffb
// 重构日志: 43163a9f
// 重构日志: 9e175b0c
// 同步 ID: 70bca495 @ Thu Jul 16 23:54:31 UTC 2026
// 重构日志: acb69319
// 重构日志: aed8143b
// 同步 ID: f6fa0adb @ Fri Jul 17 16:21:40 UTC 2026
// 重构日志: e7c546d6
// 重构日志: 90ae175d
// 同步 ID: c61ae905 @ Sun Jul 19 11:56:13 UTC 2026
